<?xml version="1.0" encoding="UTF-8"?>
<testng-results ignored="0" total="1" passed="1" failed="0" skipped="0">
  <reporter-output>
  </reporter-output>
  <suite started-at="2024-08-07T22:28:14 IST" name="Master Suite" finished-at="2024-08-07T22:28:21 IST" duration-ms="7298">
    <groups>
      <group name="regression">
        <method signature="TC001_AccountRegistrationTest.verify_account_registration()[pri:0, instance:testCases.TC001_AccountRegistrationTest@74960bfa]" name="verify_account_registration" class="testCases.TC001_AccountRegistrationTest"/>
      </group> <!-- regression -->
      <group name="master">
        <method signature="TC001_AccountRegistrationTest.verify_account_registration()[pri:0, instance:testCases.TC001_AccountRegistrationTest@74960bfa]" name="verify_account_registration" class="testCases.TC001_AccountRegistrationTest"/>
      </group> <!-- master -->
    </groups>
    <test started-at="2024-08-07T22:28:14 IST" name="Test" finished-at="2024-08-07T22:28:21 IST" duration-ms="7298">
      <class name="testCases.TC001_AccountRegistrationTest">
        <test-method is-config="true" signature="steup(java.lang.String,java.lang.String)[pri:0, instance:testCases.TC001_AccountRegistrationTest@74960bfa]" started-at="2024-08-07T22:28:14 IST" name="steup" finished-at="2024-08-07T22:28:18 IST" duration-ms="3363" status="PASS">
          <params>
            <param index="0">
              <value>
                <![CDATA[windows]]>
              </value>
            </param>
            <param index="1">
              <value>
                <![CDATA[chrome]]>
              </value>
            </param>
          </params>
          <reporter-output>
          </reporter-output>
        </test-method> <!-- steup -->
        <test-method signature="verify_account_registration()[pri:0, instance:testCases.TC001_AccountRegistrationTest@74960bfa]" started-at="2024-08-07T22:28:18 IST" name="verify_account_registration" finished-at="2024-08-07T22:28:21 IST" duration-ms="3357" status="PASS">
          <reporter-output>
          </reporter-output>
        </test-method> <!-- verify_account_registration -->
        <test-method is-config="true" signature="teardown()[pri:0, instance:testCases.TC001_AccountRegistrationTest@74960bfa]" started-at="2024-08-07T22:28:21 IST" name="teardown" finished-at="2024-08-07T22:28:21 IST" duration-ms="238" status="PASS">
          <reporter-output>
          </reporter-output>
        </test-method> <!-- teardown -->
      </class> <!-- testCases.TC001_AccountRegistrationTest -->
    </test> <!-- Test -->
  </suite> <!-- Master Suite -->
</testng-results>
